WHYLIB is not set, using /home/work/.opam/4.02.3/lib/jessie as default
Parsing
Normalization
Typing logic labels
Typing code
Typing axiomatic Padding
Typing logic type declaration padding
Typing axiomatic Power
Typing axiomatic Fib
Typing axiomatic Padding
Typing tag voidP
Typing tag charP
Typing tag unsigned_charP
Typing axiomatic Power
Typing lemma/axiom power_nil
Typing lemma/axiom power_step
Typing lemma/axiom power_alt_step
Typing lemma/axiom power_one
Typing lemma/axiom power_sum
Typing lemma/axiom power_mult_1
Typing lemma/axiom power_mult_2
Typing lemma/axiom power_non_negative
Typing lemma/axiom power_monotonic
occurrences table for axiom power_step in axiomatic Power:
  141:  ; ;
  
occurrences table for axiom power_nil in axiomatic Power:
  141:  ;
  
Typing axiomatic Fib
Typing lemma/axiom fib_nil
Typing lemma/axiom fib_one
Typing lemma/axiom fib_step_positive
Typing lemma/axiom fib_step_negative
Typing lemma/axiom fib_non_negative
Typing lemma/axiom fib_non_negative_increasing
Typing lemma/axiom fib_negative_positive_1
Typing lemma/axiom fib_negative_positive_2
occurrences table for axiom fib_step_negative in axiomatic Fib:
  142:  ; ; ;
  
occurrences table for axiom fib_step_positive in axiomatic Fib:
  142:  ; ; ;
  
occurrences table for axiom fib_one in axiomatic Fib:
  142:  ;
  
occurrences table for axiom fib_nil in axiomatic Fib:
  142:  ;
  
Computation of call graph
***********************************
Logic call graph: has 3 components
***********************************
Component 0:
 power_int_pos calls: power_int_pos,
power_int_pos, power_int_pos, power_int_pos, power_int_pos, power_int_pos,
power_int_pos, power_int_pos, power_int_pos, power_int_pos, power_int_pos,
power_int_pos, power_int_pos, power_int_pos, power_int_pos, power_int_pos,
power_int_pos,
power_int_pos

Component 1:

Component 2:
 fib calls: fib, fib, fib, fib, fib, fib, fib, fib, fib, fib,
fib, fib, power_int_pos, fib, fib, fib,
\integer_abs

******************************
Call graph: has 1 components
******************************
Component 0:
 fib_rec calls: fib_rec,
fib_rec, fib_rec,
fib_rec

Adding invariants
Computation of regions
Separation: treating function fib_rec
Separation: treating function fib_rec
Computation of effects
Effects: doing one iteration
Effects: fixpoint reached
Effects for logic function power_int_pos:
 alloc_table: 
 tag_table: 
 memories: 
 raw memories: 
 precise memories: 
 globals: 
 locals: 

Effects: doing one iteration
Effects: fixpoint reached
Effects: doing one iteration
Effects: fixpoint reached
Effects for logic function fib:
 alloc_table: 
 tag_table: 
 memories: 
 raw memories: 
 precise memories: 
 globals: 
 locals: 

Effects: doing one iteration...
Effects: doing one iteration...
Effects: doing one iteration...
Effects: fixpoint reached
Effects for function fib_rec:
 reads:  alloc_table: 
         tag_table: 
         memories: 
         raw memories: 
         precise memories: 
         globals: 
         locals: __retres at (Here), tmp_2 at (Here), tmp_1 at (Here),
                 tmp_0 at (Here), tmp at (Here), \result at (Here),
                 i at (Here)

 writes:  alloc_table: 
          tag_table: 
          memories: 
          raw memories: 
          precise memories: 
          globals: 
          locals: __retres at (Here), tmp_2 at (Here), tmp_1 at (Here),
                  tmp_0 at (Here), tmp at (Here)

 raises: 
Translate logic types
Translate structures
all_allocs(tag charP):
  Found 1 allocs.
all_memories(tag charP):
  Found 0 memories.
all_memories(tag charP):
  Found 0 memories.
all_allocs(tag charP):
  Found 1 allocs.
all_allocs(tag charP):
  Found 1 allocs.
all_memories(tag charP):
  Found 0 memories.
all_allocs(tag charP):
  Found 1 allocs.
all_tags(tag charP):
  Found 1 tags.
all_memories(tag charP):
  Found 0 memories.
all_memories(tag charP):
  Found 0 memories.
all_tags(tag charP):
  Found 1 tags.
all_memories(tag charP):
  Found 0 memories.
all_tags(tag charP):
  Found 1 tags.
all_memories(tag charP):
  Found 0 memories.
all_tags(tag charP):
  Found 1 tags.
all_memories(tag charP):
  Found 0 memories.
all_allocs(tag charP):
  Found 1 allocs.
all_tags(tag charP):
  Found 1 tags.
all_memories(tag charP):
  Found 0 memories.
all_allocs(tag charP):
  Found 1 allocs.
all_memories(tag charP):
  Found 0 memories.
all_memories(tag charP):
  Found 0 memories.
all_allocs(tag charP):
  Found 1 allocs.
all_allocs(tag charP):
  Found 1 allocs.
all_memories(tag charP):
  Found 0 memories.
all_memories(tag charP):
  Found 0 memories.
all_allocs(tag charP):
  Found 1 allocs.
all_allocs(tag charP):
  Found 1 allocs.
all_memories(tag charP):
  Found 0 memories.
all_allocs(tag charP):
  Found 1 allocs.
all_tags(tag charP):
  Found 1 tags.
all_memories(tag charP):
  Found 0 memories.
all_memories(tag charP):
  Found 0 memories.
all_tags(tag charP):
  Found 1 tags.
all_memories(tag charP):
  Found 0 memories.
all_tags(tag charP):
  Found 1 tags.
all_memories(tag charP):
  Found 0 memories.
all_tags(tag charP):
  Found 1 tags.
all_memories(tag charP):
  Found 0 memories.
all_allocs(tag charP):
  Found 1 allocs.
all_tags(tag charP):
  Found 1 tags.
all_memories(tag charP):
  Found 0 memories.
all_allocs(tag charP):
  Found 1 allocs.
all_memories(tag charP):
  Found 0 memories.
all_memories(tag charP):
  Found 0 memories.
all_allocs(tag charP):
  Found 1 allocs.
all_allocs(tag charP):
  Found 1 allocs.
all_tags(tag charP):
  Found 1 tags.
all_memories(tag charP):
  Found 0 memories.
all_memories(tag charP):
  Found 0 memories.
all_tags(tag charP):
  Found 1 tags.
all_memories(tag charP):
  Found 0 memories.
all_tags(tag charP):
  Found 1 tags.
all_memories(tag charP):
  Found 0 memories.
all_tags(tag charP):
  Found 1 tags.
all_memories(tag charP):
  Found 0 memories.
all_allocs(tag charP):
  Found 1 allocs.
all_tags(tag charP):
  Found 1 tags.
all_memories(tag charP):
  Found 0 memories.
all_allocs(tag charP):
  Found 1 allocs.
all_memories(tag charP):
  Found 0 memories.
all_memories(tag charP):
  Found 0 memories.
all_allocs(tag charP):
  Found 1 allocs.
all_tags(tag charP):
  Found 1 tags.
all_memories(tag charP):
  Found 0 memories.
all_allocs(tag charP):
  Found 1 allocs.
all_memories(tag charP):
  Found 0 memories.
all_allocs(tag charP):
  Found 1 allocs.
all_memories(tag charP):
  Found 0 memories.
all_memories(tag charP):
  Found 0 memories.
all_tags(tag charP):
  Found 1 tags.
all_memories(tag voidP):
  Found 0 memories.
all_tags(tag voidP):
  Found 1 tags.
all_memories(tag charP):
  Found 0 memories.
all_allocs(tag charP):
  Found 1 allocs.
all_memories(tag voidP):
  Found 0 memories.
all_allocs(tag voidP):
  Found 1 allocs.
all_memories(tag charP):
  Found 0 memories.
all_tags(tag charP):
  Found 1 tags.
all_memories(tag charP):
  Found 0 memories.
all_tags(tag charP):
  Found 1 tags.
all_memories(tag charP):
  Found 0 memories.
all_tags(tag charP):
  Found 1 tags.
all_memories(tag charP):
  Found 0 memories.
all_tags(tag charP):
  Found 1 tags.
all_memories(tag charP):
  Found 0 memories.
all_tags(tag charP):
  Found 1 tags.
all_memories(tag charP):
  Found 0 memories.
all_tags(tag charP):
  Found 1 tags.
all_memories(tag charP):
  Found 0 memories.
all_allocs(tag charP):
  Found 1 allocs.
all_memories(tag voidP):
  Found 0 memories.
all_allocs(tag voidP):
  Found 1 allocs.
all_memories(tag charP):
  Found 0 memories.
all_allocs(tag charP):
  Found 1 allocs.
all_memories(tag voidP):
  Found 0 memories.
all_allocs(tag voidP):
  Found 1 allocs.
all_memories(tag charP):
  Found 0 memories.
all_allocs(tag charP):
  Found 1 allocs.
all_memories(tag voidP):
  Found 0 memories.
all_allocs(tag voidP):
  Found 1 allocs.
all_memories(tag charP):
  Found 0 memories.
all_allocs(tag charP):
  Found 1 allocs.
all_memories(tag voidP):
  Found 0 memories.
all_allocs(tag voidP):
  Found 1 allocs.
all_allocs(tag unsigned_charP):
  Found 1 allocs.
all_memories(tag unsigned_charP):
  Found 0 memories.
all_memories(tag unsigned_charP):
  Found 0 memories.
all_allocs(tag unsigned_charP):
  Found 1 allocs.
all_allocs(tag unsigned_charP):
  Found 1 allocs.
all_memories(tag unsigned_charP):
  Found 0 memories.
all_allocs(tag unsigned_charP):
  Found 1 allocs.
all_tags(tag unsigned_charP):
  Found 1 tags.
all_memories(tag unsigned_charP):
  Found 0 memories.
all_memories(tag unsigned_charP):
  Found 0 memories.
all_tags(tag unsigned_charP):
  Found 1 tags.
all_memories(tag unsigned_charP):
  Found 0 memories.
all_tags(tag unsigned_charP):
  Found 1 tags.
all_memories(tag unsigned_charP):
  Found 0 memories.
all_tags(tag unsigned_charP):
  Found 1 tags.
all_memories(tag unsigned_charP):
  Found 0 memories.
all_allocs(tag unsigned_charP):
  Found 1 allocs.
all_tags(tag unsigned_charP):
  Found 1 tags.
all_memories(tag unsigned_charP):
  Found 0 memories.
all_allocs(tag unsigned_charP):
  Found 1 allocs.
all_memories(tag unsigned_charP):
  Found 0 memories.
all_memories(tag unsigned_charP):
  Found 0 memories.
all_allocs(tag unsigned_charP):
  Found 1 allocs.
all_allocs(tag unsigned_charP):
  Found 1 allocs.
all_memories(tag unsigned_charP):
  Found 0 memories.
all_memories(tag unsigned_charP):
  Found 0 memories.
all_allocs(tag unsigned_charP):
  Found 1 allocs.
all_allocs(tag unsigned_charP):
  Found 1 allocs.
all_memories(tag unsigned_charP):
  Found 0 memories.
all_allocs(tag unsigned_charP):
  Found 1 allocs.
all_tags(tag unsigned_charP):
  Found 1 tags.
all_memories(tag unsigned_charP):
  Found 0 memories.
all_memories(tag unsigned_charP):
  Found 0 memories.
all_tags(tag unsigned_charP):
  Found 1 tags.
all_memories(tag unsigned_charP):
  Found 0 memories.
all_tags(tag unsigned_charP):
  Found 1 tags.
all_memories(tag unsigned_charP):
  Found 0 memories.
all_tags(tag unsigned_charP):
  Found 1 tags.
all_memories(tag unsigned_charP):
  Found 0 memories.
all_allocs(tag unsigned_charP):
  Found 1 allocs.
all_tags(tag unsigned_charP):
  Found 1 tags.
all_memories(tag unsigned_charP):
  Found 0 memories.
all_allocs(tag unsigned_charP):
  Found 1 allocs.
all_memories(tag unsigned_charP):
  Found 0 memories.
all_memories(tag unsigned_charP):
  Found 0 memories.
all_allocs(tag unsigned_charP):
  Found 1 allocs.
all_allocs(tag unsigned_charP):
  Found 1 allocs.
all_tags(tag unsigned_charP):
  Found 1 tags.
all_memories(tag unsigned_charP):
  Found 0 memories.
all_memories(tag unsigned_charP):
  Found 0 memories.
all_tags(tag unsigned_charP):
  Found 1 tags.
all_memories(tag unsigned_charP):
  Found 0 memories.
all_tags(tag unsigned_charP):
  Found 1 tags.
all_memories(tag unsigned_charP):
  Found 0 memories.
all_tags(tag unsigned_charP):
  Found 1 tags.
all_memories(tag unsigned_charP):
  Found 0 memories.
all_allocs(tag unsigned_charP):
  Found 1 allocs.
all_tags(tag unsigned_charP):
  Found 1 tags.
all_memories(tag unsigned_charP):
  Found 0 memories.
all_allocs(tag unsigned_charP):
  Found 1 allocs.
all_memories(tag unsigned_charP):
  Found 0 memories.
all_memories(tag unsigned_charP):
  Found 0 memories.
all_allocs(tag unsigned_charP):
  Found 1 allocs.
all_tags(tag unsigned_charP):
  Found 1 tags.
all_memories(tag unsigned_charP):
  Found 0 memories.
all_allocs(tag unsigned_charP):
  Found 1 allocs.
all_memories(tag unsigned_charP):
  Found 0 memories.
all_allocs(tag unsigned_charP):
  Found 1 allocs.
all_memories(tag unsigned_charP):
  Found 0 memories.
all_memories(tag unsigned_charP):
  Found 0 memories.
all_tags(tag unsigned_charP):
  Found 1 tags.
all_memories(tag unsigned_charP):
  Found 0 memories.
all_allocs(tag unsigned_charP):
  Found 1 allocs.
all_memories(tag unsigned_charP):
  Found 0 memories.
all_tags(tag unsigned_charP):
  Found 1 tags.
all_memories(tag unsigned_charP):
  Found 0 memories.
all_tags(tag unsigned_charP):
  Found 1 tags.
all_memories(tag unsigned_charP):
  Found 0 memories.
all_tags(tag unsigned_charP):
  Found 1 tags.
all_memories(tag unsigned_charP):
  Found 0 memories.
all_tags(tag unsigned_charP):
  Found 1 tags.
all_memories(tag unsigned_charP):
  Found 0 memories.
all_tags(tag unsigned_charP):
  Found 1 tags.
all_memories(tag unsigned_charP):
  Found 0 memories.
all_tags(tag unsigned_charP):
  Found 1 tags.
all_memories(tag unsigned_charP):
  Found 0 memories.
all_allocs(tag unsigned_charP):
  Found 1 allocs.
all_memories(tag unsigned_charP):
  Found 0 memories.
all_allocs(tag unsigned_charP):
  Found 1 allocs.
all_memories(tag unsigned_charP):
  Found 0 memories.
all_allocs(tag unsigned_charP):
  Found 1 allocs.
all_memories(tag unsigned_charP):
  Found 0 memories.
all_allocs(tag unsigned_charP):
  Found 1 allocs.
all_allocs(tag voidP):
  Found 1 allocs.
all_memories(tag voidP):
  Found 0 memories.
all_memories(tag voidP):
  Found 0 memories.
all_allocs(tag voidP):
  Found 1 allocs.
all_allocs(tag voidP):
  Found 1 allocs.
all_memories(tag voidP):
  Found 0 memories.
all_allocs(tag voidP):
  Found 1 allocs.
all_tags(tag voidP):
  Found 1 tags.
all_memories(tag voidP):
  Found 0 memories.
all_memories(tag voidP):
  Found 0 memories.
all_tags(tag voidP):
  Found 1 tags.
all_memories(tag voidP):
  Found 0 memories.
all_tags(tag voidP):
  Found 1 tags.
all_memories(tag voidP):
  Found 0 memories.
all_tags(tag voidP):
  Found 1 tags.
all_memories(tag voidP):
  Found 0 memories.
all_allocs(tag voidP):
  Found 1 allocs.
all_tags(tag voidP):
  Found 1 tags.
all_memories(tag voidP):
  Found 0 memories.
all_allocs(tag voidP):
  Found 1 allocs.
all_memories(tag voidP):
  Found 0 memories.
all_memories(tag voidP):
  Found 0 memories.
all_allocs(tag voidP):
  Found 1 allocs.
all_allocs(tag voidP):
  Found 1 allocs.
all_memories(tag voidP):
  Found 0 memories.
all_memories(tag voidP):
  Found 0 memories.
all_allocs(tag voidP):
  Found 1 allocs.
all_allocs(tag voidP):
  Found 1 allocs.
all_memories(tag voidP):
  Found 0 memories.
all_allocs(tag voidP):
  Found 1 allocs.
all_tags(tag voidP):
  Found 1 tags.
all_memories(tag voidP):
  Found 0 memories.
all_memories(tag voidP):
  Found 0 memories.
all_tags(tag voidP):
  Found 1 tags.
all_memories(tag voidP):
  Found 0 memories.
all_tags(tag voidP):
  Found 1 tags.
all_memories(tag voidP):
  Found 0 memories.
all_tags(tag voidP):
  Found 1 tags.
all_memories(tag voidP):
  Found 0 memories.
all_allocs(tag voidP):
  Found 1 allocs.
all_tags(tag voidP):
  Found 1 tags.
all_memories(tag voidP):
  Found 0 memories.
all_allocs(tag voidP):
  Found 1 allocs.
all_memories(tag voidP):
  Found 0 memories.
all_memories(tag voidP):
  Found 0 memories.
all_allocs(tag voidP):
  Found 1 allocs.
all_allocs(tag voidP):
  Found 1 allocs.
all_tags(tag voidP):
  Found 1 tags.
all_memories(tag voidP):
  Found 0 memories.
all_memories(tag voidP):
  Found 0 memories.
all_tags(tag voidP):
  Found 1 tags.
all_memories(tag voidP):
  Found 0 memories.
all_tags(tag voidP):
  Found 1 tags.
all_memories(tag voidP):
  Found 0 memories.
all_tags(tag voidP):
  Found 1 tags.
all_memories(tag voidP):
  Found 0 memories.
all_allocs(tag voidP):
  Found 1 allocs.
all_tags(tag voidP):
  Found 1 tags.
all_memories(tag voidP):
  Found 0 memories.
all_allocs(tag voidP):
  Found 1 allocs.
all_memories(tag voidP):
  Found 0 memories.
all_memories(tag voidP):
  Found 0 memories.
all_allocs(tag voidP):
  Found 1 allocs.
all_tags(tag voidP):
  Found 1 tags.
all_memories(tag voidP):
  Found 0 memories.
all_allocs(tag voidP):
  Found 1 allocs.
all_memories(tag voidP):
  Found 0 memories.
all_allocs(tag voidP):
  Found 1 allocs.
all_memories(tag voidP):
  Found 0 memories.
all_memories(tag voidP):
  Found 0 memories.
all_tags(tag voidP):
  Found 1 tags.
all_memories(tag voidP):
  Found 0 memories.
all_allocs(tag voidP):
  Found 1 allocs.
all_memories(tag voidP):
  Found 0 memories.
all_tags(tag voidP):
  Found 1 tags.
all_memories(tag voidP):
  Found 0 memories.
all_tags(tag voidP):
  Found 1 tags.
all_memories(tag voidP):
  Found 0 memories.
all_tags(tag voidP):
  Found 1 tags.
all_memories(tag voidP):
  Found 0 memories.
all_tags(tag voidP):
  Found 1 tags.
all_memories(tag voidP):
  Found 0 memories.
all_tags(tag voidP):
  Found 1 tags.
all_memories(tag voidP):
  Found 0 memories.
all_tags(tag voidP):
  Found 1 tags.
all_memories(tag voidP):
  Found 0 memories.
all_allocs(tag voidP):
  Found 1 allocs.
all_memories(tag voidP):
  Found 0 memories.
all_allocs(tag voidP):
  Found 1 allocs.
all_memories(tag voidP):
  Found 0 memories.
all_allocs(tag voidP):
  Found 1 allocs.
all_memories(tag voidP):
  Found 0 memories.
all_allocs(tag voidP):
  Found 1 allocs.
Translate variants
Translate global regions
Translate exceptions
Translate enumerated types
Translate dummies
Translate standalone logic functions
Logic function power_int_pos
Logic function fib
Translate axiomatic declarations
Axiomatic Fib
Axiomatic Padding
Axiomatic Power
Translate lemmas
Translate functions
Pre-treatement Function fib_rec
Function fib_rec
Produce makefile
