WHYLIB is not set, using /home/work/.opam/infer-4.02.3/lib/jessie as default
Parsing
Normalization
Typing logic labels
Typing code
Typing axiomatic Padding
Typing logic type declaration padding
Typing axiomatic Jessie_memory_reinterpretation_predicates
Typing axiomatic ASum
Typing axiomatic Array_Sum
Typing axiomatic Factorial
Typing axiomatic Power
Typing axiomatic Fib
Typing axiomatic Sum
Typing axiomatic Padding
Typing axiomatic Jessie_memory_reinterpretation_predicates
Typing tag voidP
Typing tag charP
Typing tag unsigned_charP
Typing tag intP
Typing tag unsigned_intP
Typing tag int_xP
Typing axiomatic ASum
Typing lemma/axiom asum_init
Typing lemma/axiom asum_step_dec
occurrences table for axiom asum_step_dec in axiomatic ASum:
  149: L ;L ;
  
occurrences table for axiom asum_init in axiomatic ASum:
  149: L ;
  
Typing axiomatic Array_Sum
Typing lemma/axiom array_sum_init
Typing lemma/axiom array_sum_step_dec
Typing lemma/axiom array_sum_lower_bound
Typing lemma/axiom array_sum_increases
occurrences table for axiom array_sum_step_dec in axiomatic Array_Sum:
  150: L ;L ;
  
occurrences table for axiom array_sum_init in axiomatic Array_Sum:
  150: L ;
  
Typing axiomatic Factorial
Typing lemma/axiom nil
Typing lemma/axiom step
Typing lemma/axiom non_negative
occurrences table for axiom step in axiomatic Factorial:
  151:  ; ;
  
occurrences table for axiom nil in axiomatic Factorial:
  151:  ;
  
Typing lemma/axiom factorial_ind_20
Typing lemma/axiom increasing
Typing axiomatic Power
Typing lemma/axiom power_nil
Typing lemma/axiom power_step
Typing lemma/axiom power_alt_step
Typing lemma/axiom power_one
Typing lemma/axiom power_sum
Typing lemma/axiom power_mult_1
Typing lemma/axiom power_mult_2
Typing lemma/axiom power_non_negative
Typing lemma/axiom power_monotonic
occurrences table for axiom power_step in axiomatic Power:
  153:  ; ;
  
occurrences table for axiom power_nil in axiomatic Power:
  153:  ;
  
Typing axiomatic Fib
Typing lemma/axiom fib_nil
Typing lemma/axiom fib_one
Typing lemma/axiom fib_step_positive
Typing lemma/axiom fib_step_negative
Typing lemma/axiom fib_non_negative
Typing lemma/axiom fib_non_negative_increasing
Typing lemma/axiom fib_negative_positive_1
Typing lemma/axiom fib_negative_positive_2
occurrences table for axiom fib_step_negative in axiomatic Fib:
  154:  ; ; ;
  
occurrences table for axiom fib_step_positive in axiomatic Fib:
  154:  ; ; ;
  
occurrences table for axiom fib_one in axiomatic Fib:
  154:  ;
  
occurrences table for axiom fib_nil in axiomatic Fib:
  154:  ;
  
Typing axiomatic Sum
Typing lemma/axiom sum_init
Typing lemma/axiom sum_step_dec
Typing lemma/axiom sum_lower_bound
Typing lemma/axiom sum_increases
occurrences table for axiom sum_step_dec in axiomatic Sum:
  157:  ; ;
  
occurrences table for axiom sum_init in axiomatic Sum:
  157:  ;
  
Computation of call graph
***********************************
Logic call graph: has 24 components
***********************************
Component 0:

Component 1:
 uint8_as_uint32 calls: \uint8_as_uint32

Component 2:
 complement_to_uint32 calls: 

Component 3:

Component 4:
 uint8_as_int32 calls: \uint8_as_int32, uint8_as_uint32,
complement_to_uint32

Component 5:

Component 6:
 uint32_as_uint8 calls: \uint32_as_uint8

Component 7:

Component 8:
 int32_as_uint8 calls: \int32_as_uint8, uint32_as_uint8,
complement_to_uint32

Component 9:
 complement_to_uint8 calls: 

Component 10:

Component 11:
 int8_as_int32 calls: \int8_as_int32, uint8_as_int32,
complement_to_uint8, complement_to_uint8, complement_to_uint8,
complement_to_uint8

Component 12:

Component 13:
 int32_as_int8 calls: \int32_as_int8, int32_as_uint8,
complement_to_uint8, complement_to_uint8, complement_to_uint8,
complement_to_uint8

Component 14:
 asum calls: asum, asum,
asum

Component 15:
 array_sum calls: array_sum, array_sum, array_sum, array_sum,
array_sum,
array_sum

Component 16:
 factorial calls: factorial, factorial, factorial,
factorial

Component 17:
 factorial_ind calls: factorial_ind, factorial_ind,
factorial_ind

Component 18:
 power_int_pos calls: power_int_pos, power_int_pos,
power_int_pos, power_int_pos, power_int_pos, power_int_pos, power_int_pos,
power_int_pos, power_int_pos, power_int_pos, power_int_pos, power_int_pos,
power_int_pos, power_int_pos, power_int_pos, power_int_pos, power_int_pos,
power_int_pos

Component 19:

Component 20:
 fib calls: fib, fib, fib, fib, fib, fib, fib, fib, fib, fib,
fib, fib, power_int_pos, fib, fib, fib,
\integer_abs

Component 21:
 reverse_struct_intP___attribute______wrapper_____x_integer_integer_integer calls: 

Component 22:
 reverse_0 calls: reverse_struct_intP___attribute______wrapper_____x_integer_integer_integer

Component 23:
 sum calls: sum, sum, sum, sum, sum,
sum

******************************
Call graph: has 27 components
******************************
Component 0:
 spec_abs2 calls: 

Component 1:
 spec_abs1 calls: 

Component 2:
 array_average calls: 

Component 3:
 array_sum calls: 

Component 4:
 arrays_average calls: 

Component 5:
 arrays_sum calls: 

Component 6:
 average calls: 

Component 7:
 bsearch calls: 

Component 8:
 distance calls: 

Component 9:
 distance_abs calls: 

Component 10:
 factorial calls: 

Component 11:
 factorial_rec calls: factorial_rec

Component 12:
 fib_rec calls: fib_rec, fib_rec, fib_rec,
fib_rec

Component 13:
 max_max calls: 

Component 14:
 max_min calls: 

Component 15:
 min_min calls: 

Component 16:
 palindrome calls: 

Component 17:
 reverse calls: 

Component 18:
 swap calls: 

Component 19:
 reverse_in_place calls: swap

Component 20:
 set_even calls: 

Component 21:
 set_odd calls: 

Component 22:
 set_odd_even_skip calls: 

Component 23:
 set_only_third calls: 

Component 24:
 set_skip_third calls: 

Component 25:
 spec_sign calls: 

Component 26:
 sum calls: 

Adding invariants
Computation of regions
Separation: treating function spec_abs2
Separation: treating function spec_abs2
Separation: treating function spec_abs1
Separation: treating function spec_abs1
Separation: treating function array_average
Separation: treating function array_average
Separation: treating function array_sum
Separation: treating function array_sum
Separation: treating function arrays_average
Separation: treating function arrays_average
Separation: treating function arrays_sum
Separation: treating function arrays_sum
Separation: treating function average
Separation: treating function average
Separation: treating function bsearch
Separation: treating function bsearch
Separation: treating function distance
Separation: treating function distance
Separation: treating function distance_abs
Separation: treating function distance_abs
Separation: treating function factorial
Separation: treating function factorial
Separation: treating function factorial_rec
Separation: treating function factorial_rec
Separation: treating function fib_rec
Separation: treating function fib_rec
Separation: treating function max_max
Separation: treating function max_max
Separation: treating function max_min
Separation: treating function max_min
Separation: treating function min_min
Separation: treating function min_min
Separation: treating function palindrome
Separation: treating function palindrome
Separation: treating function reverse
Separation: treating function reverse
Separation: treating function swap
Separation: treating function swap
Separation: treating function reverse_in_place
Separation: treating function reverse_in_place
Separation: treating function set_even
Separation: treating function set_even
Separation: treating function set_odd
Separation: treating function set_odd
Separation: treating function set_odd_even_skip
Separation: treating function set_odd_even_skip
Separation: treating function set_only_third
Separation: treating function set_only_third
Separation: treating function set_skip_third
Separation: treating function set_skip_third
Separation: treating function spec_sign
Separation: treating function spec_sign
Separation: treating function sum
Separation: treating function sum
Computation of effects
Effects: doing one iteration
Effects: fixpoint reached
Effects: doing one iteration
Effects: doing one iteration
Effects: fixpoint reached
Effects for logic function uint8_as_uint32:
 alloc_table: 
 tag_table: 
 memories: 
 raw memories: 
 precise memories: 
 globals: 
 locals: a3 at (Here), a2 at (Here), a1 at (Here), a0 at (Here), d0 at (Here)

Effects: doing one iteration
Effects: doing one iteration
Effects: fixpoint reached
Effects for logic function complement_to_uint32:
 alloc_table: 
 tag_table: 
 memories: 
 raw memories: 
 precise memories: 
 globals: 
 locals: v at (Here)

Effects: doing one iteration
Effects: fixpoint reached
Effects: doing one iteration
Effects: doing one iteration
Effects: fixpoint reached
Effects for logic function uint8_as_int32:
 alloc_table: 
 tag_table: 
 memories: 
 raw memories: 
 precise memories: 
 globals: 
 locals: a0 at (Here), a1 at (Here), a2 at (Here), a3 at (Here), d0 at (Here)

Effects: doing one iteration
Effects: fixpoint reached
Effects: doing one iteration
Effects: doing one iteration
Effects: fixpoint reached
Effects for logic function uint32_as_uint8:
 alloc_table: 
 tag_table: 
 memories: 
 raw memories: 
 precise memories: 
 globals: 
 locals: a3 at (Here), a2 at (Here), a1 at (Here), a0 at (Here), d0 at (Here)

Effects: doing one iteration
Effects: fixpoint reached
Effects: doing one iteration
Effects: doing one iteration
Effects: fixpoint reached
Effects for logic function int32_as_uint8:
 alloc_table: 
 tag_table: 
 memories: 
 raw memories: 
 precise memories: 
 globals: 
 locals: a0 at (Here), a1 at (Here), a2 at (Here), a3 at (Here), d0 at (Here)

Effects: doing one iteration
Effects: doing one iteration
Effects: fixpoint reached
Effects for logic function complement_to_uint8:
 alloc_table: 
 tag_table: 
 memories: 
 raw memories: 
 precise memories: 
 globals: 
 locals: v at (Here)

Effects: doing one iteration
Effects: fixpoint reached
Effects: doing one iteration
Effects: doing one iteration
Effects: fixpoint reached
Effects for logic function int8_as_int32:
 alloc_table: 
 tag_table: 
 memories: 
 raw memories: 
 precise memories: 
 globals: 
 locals: a0 at (Here), a1 at (Here), a2 at (Here), a3 at (Here), d0 at (Here)

Effects: doing one iteration
Effects: fixpoint reached
Effects: doing one iteration
Effects: doing one iteration
Effects: fixpoint reached
Effects for logic function int32_as_int8:
 alloc_table: 
 tag_table: 
 memories: 
 raw memories: 
 precise memories: 
 globals: 
 locals: a0 at (Here), a1 at (Here), a2 at (Here), a3 at (Here), d0 at (Here)

Effects: doing one iteration
Effects: doing one iteration
Effects: fixpoint reached
Effects for logic function asum:
 alloc_table: 
 tag_table: 
 memories: (a_2 : mem-field "intM") at (L)
 raw memories: 
 precise memories: 
 globals: 
 locals: 

Effects: doing one iteration
Effects: doing one iteration
Effects: fixpoint reached
Effects for logic function array_sum:
 alloc_table: 
 tag_table: 
 memories: (a_2_4 : mem-field "unsigned_intM") at (L)
 raw memories: 
 precise memories: 
 globals: 
 locals: 

Effects: doing one iteration
Effects: fixpoint reached
Effects for logic function factorial:
 alloc_table: 
 tag_table: 
 memories: 
 raw memories: 
 precise memories: 
 globals: 
 locals: 

Effects: doing one iteration
Effects: fixpoint reached
Effects for logic function factorial_ind:
 alloc_table: 
 tag_table: 
 memories: 
 raw memories: 
 precise memories: 
 globals: 
 locals: 

Effects: doing one iteration
Effects: fixpoint reached
Effects for logic function power_int_pos:
 alloc_table: 
 tag_table: 
 memories: 
 raw memories: 
 precise memories: 
 globals: 
 locals: 

Effects: doing one iteration
Effects: fixpoint reached
Effects: doing one iteration
Effects: fixpoint reached
Effects for logic function fib:
 alloc_table: 
 tag_table: 
 memories: 
 raw memories: 
 precise memories: 
 globals: 
 locals: 

Effects: doing one iteration
Effects: doing one iteration
Effects: fixpoint reached
Effects for logic function reverse_struct_intP___attribute______wrapper_____x_integer_integer_integer:
 alloc_table: 
 tag_table: 
 memories: (a_7_27 : mem-field "intM") at (L1, L2)
 raw memories: 
 precise memories: 
 globals: 
 locals: j_21 at (Here), i_40 at (Here), size at (Here), a_7 at (Here)

Effects: doing one iteration
Effects: doing one iteration
Effects: fixpoint reached
Effects for logic function reverse_0:
 alloc_table: 
 tag_table: 
 memories: (a_8_28 : mem-field "intM") at (L1, L2)
 raw memories: 
 precise memories: 
 globals: 
 locals: size_0 at (Here), a_8 at (Here)

Effects: doing one iteration
Effects: fixpoint reached
Effects for logic function sum:
 alloc_table: 
 tag_table: 
 memories: 
 raw memories: 
 precise memories: 
 globals: 
 locals: 

Effects: doing one iteration...
Effects: doing one iteration...
Effects: doing one iteration...
Effects: fixpoint reached
Effects for function spec_abs2:
 reads:  alloc_table: 
         tag_table: 
         memories: 
         raw memories: 
         precise memories: 
         globals: 
         locals: abs at (Here), \result at (Here), a_15 at (Here)

 writes:  alloc_table: 
          tag_table: 
          memories: 
          raw memories: 
          precise memories: 
          globals: 
          locals: abs at (Here)

 raises: 
Effects: doing one iteration...
Effects: doing one iteration...
Effects: doing one iteration...
Effects: fixpoint reached
Effects for function spec_abs1:
 reads:  alloc_table: 
         tag_table: 
         memories: 
         raw memories: 
         precise memories: 
         globals: 
         locals: abs_0 at (Here), \result at (Here), a_14 at (Here)

 writes:  alloc_table: 
          tag_table: 
          memories: 
          raw memories: 
          precise memories: 
          globals: 
          locals: abs_0 at (Here)

 raises: 
Effects: doing one iteration...
Effects: doing one iteration...
Effects: doing one iteration...
Effects: doing one iteration...
Effects: fixpoint reached
Effects for function array_average:
 reads:  alloc_table: (a_3 : alloc-root "voidP") at (Here)
         tag_table: (a_3 : voidP) at (Here)
         memories: (a_3 : mem-field "intM") at (Here)
         raw memories: (a_3 : mem-field "intM") at (Here)
         precise memories: 
         globals: 
         locals: __retres at (Here), sum_0 at (Here), i_3 at (Here),
                 \result at (Here), size_0 at (Here), a at (Here)

 writes:  alloc_table: 
          tag_table: 
          memories: 
          raw memories: 
          precise memories: 
          globals: 
          locals: __retres at (Here), sum_0 at (Here), i_3 at (Here)

 raises: 
Effects: doing one iteration...
Effects: doing one iteration...
Effects: doing one iteration...
Effects: doing one iteration...
Effects: fixpoint reached
Effects for function array_sum:
 reads:  alloc_table: (a_0_5 : alloc-root "unsigned_intP") at (Here)
         tag_table: (a_0_5 : unsigned_intP) at (Here)
         memories: (a_0_5 : mem-field "unsigned_intM") at (Here)
         raw memories: (a_0_5 : mem-field "unsigned_intM") at (Here)
         precise memories: 
         globals: 
         locals: sum_0_0 at (Here), i_4 at (Here), \result at (Here),
                 n_1 at (Here), a_0 at (Here)

 writes:  alloc_table: 
          tag_table: 
          memories: 
          raw memories: 
          precise memories: 
          globals: 
          locals: sum_0_0 at (Here), i_4 at (Here)

 raises: 
Effects: doing one iteration...
Effects: doing one iteration...
Effects: doing one iteration...
Effects: doing one iteration...
Effects: fixpoint reached
Effects for function arrays_average:
 reads:  alloc_table: (b_8 : alloc-root "voidP") at (Here),
                      (a_1_7 : alloc-root "voidP") at (Here),
                      (result_6 : alloc-root "voidP") at (Here, Old)
         tag_table: (b_8 : voidP) at (Here), (a_1_7 : voidP) at (Here),
                    (result_6 : voidP) at (Here)
         memories: (b_8 : mem-field "intM") at (Here),
                   (a_1_7 : mem-field "intM") at (Here),
                   (result_6 : mem-field "intM") at (Here)
         raw memories: (b_8 : mem-field "intM") at (Here),
                       (a_1_7 : mem-field "intM") at (Here),
                       (result_6 : mem-field "intM") at (Here)
         precise memories: 
         globals: 
         locals: i_5 at (Here), size_1 at (Here), b at (Here), a_1 at (Here),
                 result at (Here)

 writes:  alloc_table: 
          tag_table: 
          memories: (result_6 : mem-field "intM") at (Here, Old)
          raw memories: (result_6 : mem-field "intM") at (Here, Old)
          precise memories: 
          globals: 
          locals: i_5 at (Here)

 raises: 
Effects: doing one iteration...
Effects: doing one iteration...
Effects: doing one iteration...
Effects: doing one iteration...
Effects: fixpoint reached
Effects for function arrays_sum:
 reads:  alloc_table: (b_0_11 : alloc-root "voidP") at (Here),
                      (a_2_10 : alloc-root "voidP") at (Here),
                      (result_0_9 : alloc-root "voidP") at (Here, Old)
         tag_table: (b_0_11 : voidP) at (Here), (a_2_10 : voidP) at (Here),
                    (result_0_9 : voidP) at (Here)
         memories: (b_0_11 : mem-field "intM") at (Here),
                   (a_2_10 : mem-field "intM") at (Here),
                   (result_0_9 : mem-field "intM") at (Here)
         raw memories: (b_0_11 : mem-field "intM") at (Here),
                       (a_2_10 : mem-field "intM") at (Here),
                       (result_0_9 : mem-field "intM") at (Here)
         precise memories: 
         globals: 
         locals: i_6 at (Here), size_2 at (Here), b_0 at (Here),
                 a_2 at (Here), result_0 at (Here)

 writes:  alloc_table: 
          tag_table: 
          memories: (result_0_9 : mem-field "intM") at (Here, Old)
          raw memories: (result_0_9 : mem-field "intM") at (Here, Old)
          precise memories: 
          globals: 
          locals: i_6 at (Here)

 raises: 
Effects: doing one iteration...
Effects: doing one iteration...
Effects: doing one iteration...
Effects: fixpoint reached
Effects for function average:
 reads:  alloc_table: 
         tag_table: 
         memories: 
         raw memories: 
         precise memories: 
         globals: 
         locals: smaller at (Here), greater at (Here), average_0 at (Here),
                 \result at (Here), b_1 at (Here), a_3 at (Here)

 writes:  alloc_table: 
          tag_table: 
          memories: 
          raw memories: 
          precise memories: 
          globals: 
          locals: smaller at (Here), greater at (Here), average_0 at (Here)

 raises: 
Effects: doing one iteration...
Effects: doing one iteration...
Effects: doing one iteration...
Effects: doing one iteration...
Effects: fixpoint reached
Effects for function bsearch:
 reads:  alloc_table: (a_4_12 : alloc-root "voidP") at (Here)
         tag_table: (a_4_12 : voidP) at (Here)
         memories: (a_4_12 : mem-field "intM") at (Here)
         raw memories: (a_4_12 : mem-field "intM") at (Here)
         precise memories: 
         globals: 
         locals: __retres_0 at (Here), m at (Here), right at (Here),
                 left at (Here), \result at (Here), key at (Here),
                 n_2 at (Here), a_4 at (Here)

 writes:  alloc_table: 
          tag_table: 
          memories: 
          raw memories: 
          precise memories: 
          globals: 
          locals: __retres_0 at (Here), m at (Here), right at (Here),
                  left at (Here)

 raises: 
Effects: doing one iteration...
Effects: doing one iteration...
Effects: doing one iteration...
Effects: fixpoint reached
Effects for function distance:
 reads:  alloc_table: 
         tag_table: 
         memories: 
         raw memories: 
         precise memories: 
         globals: 
         locals: tmp at (Here), \result at (Here), b_2 at (Here),
                 a_5 at (Here)

 writes:  alloc_table: 
          tag_table: 
          memories: 
          raw memories: 
          precise memories: 
          globals: 
          locals: tmp at (Here)

 raises: 
Effects: doing one iteration...
Effects: doing one iteration...
Effects: doing one iteration...
Effects: fixpoint reached
Effects for function distance_abs:
 reads:  alloc_table: 
         tag_table: 
         memories: 
         raw memories: 
         precise memories: 
         globals: 
         locals: tmp_1 at (Here), tmp_0_0 at (Here), ub at (Here),
                 tmp_0 at (Here), ua at (Here), \result at (Here),
                 b_3 at (Here), a_6 at (Here)

 writes:  alloc_table: 
          tag_table: 
          memories: 
          raw memories: 
          precise memories: 
          globals: 
          locals: tmp_1 at (Here), tmp_0_0 at (Here), ub at (Here),
                  tmp_0 at (Here), ua at (Here)

 raises: 
Effects: doing one iteration...
Effects: doing one iteration...
Effects: doing one iteration...
Effects: fixpoint reached
Effects for function factorial:
 reads:  alloc_table: 
         tag_table: 
         memories: 
         raw memories: 
         precise memories: 
         globals: 
         locals: tmp_1_0 at (Here), f at (Here), \result at (Here),
                 i at (Here, Old)

 writes:  alloc_table: 
          tag_table: 
          memories: 
          raw memories: 
          precise memories: 
          globals: 
          locals: tmp_1_0 at (Here), f at (Here), i at (Here)

 raises: 
Effects: doing one iteration...
Effects: doing one iteration...
Effects: doing one iteration...
Effects: fixpoint reached
Effects for function factorial_rec:
 reads:  alloc_table: 
         tag_table: 
         memories: 
         raw memories: 
         precise memories: 
         globals: 
         locals: __retres_1 at (Here), tmp_1_1 at (Here), \result at (Here),
                 i_0 at (Here)

 writes:  alloc_table: 
          tag_table: 
          memories: 
          raw memories: 
          precise memories: 
          globals: 
          locals: __retres_1 at (Here), tmp_1_1 at (Here)

 raises: 
Effects: doing one iteration...
Effects: doing one iteration...
Effects: doing one iteration...
Effects: fixpoint reached
Effects for function fib_rec:
 reads:  alloc_table: 
         tag_table: 
         memories: 
         raw memories: 
         precise memories: 
         globals: 
         locals: __retres_2 at (Here), tmp_2 at (Here), tmp_1_3 at (Here),
                 tmp_0_1 at (Here), tmp_1_2 at (Here), \result at (Here),
                 i_1 at (Here)

 writes:  alloc_table: 
          tag_table: 
          memories: 
          raw memories: 
          precise memories: 
          globals: 
          locals: __retres_2 at (Here), tmp_2 at (Here), tmp_1_3 at (Here),
                  tmp_0_1 at (Here), tmp_1_2 at (Here)

 raises: 
Effects: doing one iteration...
Effects: doing one iteration...
Effects: doing one iteration...
Effects: doing one iteration...
Effects: fixpoint reached
Effects for function max_max:
 reads:  alloc_table: (a_7_14 : alloc-root "voidP") at (Here),
                      (max2_16 : alloc-root "int_xP") at (Here, Old),
                      (max1_15 : alloc-root "int_xP") at (Here, Old)
         tag_table: (a_7_14 : voidP) at (Here)
         memories: (max2_16 : mem-field "int_xM") at (Here),
                   (max1_15 : mem-field "int_xM") at (Here),
                   (a_7_14 : mem-field "intM") at (Here)
         raw memories: (max2_16 : mem-field "int_xM") at (Here),
                       (max1_15 : mem-field "int_xM") at (Here),
                       (a_7_14 : mem-field "intM") at (Here)
         precise memories: 
         globals: 
         locals: i_7 at (Here), max2 at (Here), max1 at (Here),
                 size_5 at (Here), a_7 at (Here)

 writes:  alloc_table: 
          tag_table: 
          memories: (max2_16 : mem-field "int_xM") at (Here, Old),
                    (max1_15 : mem-field "int_xM") at (Here, Old)
          raw memories: (max2_16 : mem-field "int_xM") at (Here, Old),
                        (max1_15 : mem-field "int_xM") at (Here, Old)
          precise memories: 
          globals: 
          locals: i_7 at (Here)

 raises: 
Effects: doing one iteration...
Effects: doing one iteration...
Effects: doing one iteration...
Effects: doing one iteration...
Effects: fixpoint reached
Effects for function max_min:
 reads:  alloc_table: (a_8_17 : alloc-root "voidP") at (Here),
                      (min_19 : alloc-root "int_xP") at (Here, Old),
                      (max_18 : alloc-root "int_xP") at (Here, Old)
         tag_table: (a_8_17 : voidP) at (Here)
         memories: (min_19 : mem-field "int_xM") at (Here),
                   (max_18 : mem-field "int_xM") at (Here),
                   (a_8_17 : mem-field "intM") at (Here)
         raw memories: (min_19 : mem-field "int_xM") at (Here),
                       (max_18 : mem-field "int_xM") at (Here),
                       (a_8_17 : mem-field "intM") at (Here)
         precise memories: 
         globals: 
         locals: i_8 at (Here), min at (Here), max at (Here),
                 size_6 at (Here), a_8 at (Here)

 writes:  alloc_table: 
          tag_table: 
          memories: (min_19 : mem-field "int_xM") at (Here, Old),
                    (max_18 : mem-field "int_xM") at (Here, Old)
          raw memories: (min_19 : mem-field "int_xM") at (Here, Old),
                        (max_18 : mem-field "int_xM") at (Here, Old)
          precise memories: 
          globals: 
          locals: i_8 at (Here)

 raises: 
Effects: doing one iteration...
Effects: doing one iteration...
Effects: doing one iteration...
Effects: doing one iteration...
Effects: fixpoint reached
Effects for function min_min:
 reads:  alloc_table: (a_9_20 : alloc-root "voidP") at (Here),
                      (min2_22 : alloc-root "int_xP") at (Here, Old),
                      (min1_21 : alloc-root "int_xP") at (Here, Old)
         tag_table: (a_9_20 : voidP) at (Here)
         memories: (min2_22 : mem-field "int_xM") at (Here),
                   (min1_21 : mem-field "int_xM") at (Here),
                   (a_9_20 : mem-field "intM") at (Here)
         raw memories: (min2_22 : mem-field "int_xM") at (Here),
                       (min1_21 : mem-field "int_xM") at (Here),
                       (a_9_20 : mem-field "intM") at (Here)
         precise memories: 
         globals: 
         locals: i_9 at (Here), min2 at (Here), min1 at (Here),
                 size_7 at (Here), a_9 at (Here)

 writes:  alloc_table: 
          tag_table: 
          memories: (min2_22 : mem-field "int_xM") at (Here, Old),
                    (min1_21 : mem-field "int_xM") at (Here, Old)
          raw memories: (min2_22 : mem-field "int_xM") at (Here, Old),
                        (min1_21 : mem-field "int_xM") at (Here, Old)
          precise memories: 
          globals: 
          locals: i_9 at (Here)

 raises: 
Effects: doing one iteration...
Effects: doing one iteration...
Effects: doing one iteration...
Effects: doing one iteration...
Effects: fixpoint reached
Effects for function palindrome:
 reads:  alloc_table: (a_10_23 : alloc-root "voidP") at (Here)
         tag_table: (a_10_23 : voidP) at (Here)
         memories: (a_10_23 : mem-field "intM") at (Here)
         raw memories: (a_10_23 : mem-field "intM") at (Here)
         precise memories: 
         globals: 
         locals: i_10 at (Here), res_0 at (Here), \result at (Here),
                 size_8 at (Here), a_10 at (Here)

 writes:  alloc_table: 
          tag_table: 
          memories: 
          raw memories: 
          precise memories: 
          globals: 
          locals: i_10 at (Here), res_0 at (Here)

 raises: 
Effects: doing one iteration...
Effects: doing one iteration...
Effects: doing one iteration...
Effects: doing one iteration...
Effects: fixpoint reached
Effects for function reverse:
 reads:  alloc_table: (res_25 : alloc-root "voidP") at (Here, Old),
                      (a_11_24 : alloc-root "voidP") at (Here)
         tag_table: (res_25 : voidP) at (Here), (a_11_24 : voidP) at (Here)
         memories: (res_25 : mem-field "intM") at (Here),
                   (a_11_24 : mem-field "intM") at (Here)
         raw memories: (res_25 : mem-field "intM") at (Here),
                       (a_11_24 : mem-field "intM") at (Here)
         precise memories: 
         globals: 
         locals: i_11 at (Here), size_9 at (Here), res at (Here),
                 a_11 at (Here)

 writes:  alloc_table: 
          tag_table: 
          memories: (res_25 : mem-field "intM") at (Here, Old)
          raw memories: (res_25 : mem-field "intM") at (Here, Old)
          precise memories: 
          globals: 
          locals: i_11 at (Here)

 raises: 
Effects: doing one iteration...
Effects: doing one iteration...
Effects: doing one iteration...
Effects: doing one iteration...
Effects: fixpoint reached
Effects for function swap:
 reads:  alloc_table: (a_17_26 : alloc-root "voidP") at (Here, Old)
         tag_table: 
         memories: (a_17_26 : mem-field "intM") at (Here, Old)
         raw memories: (a_17_26 : mem-field "intM") at (Here, Old)
         precise memories: 
         globals: 
         locals: j at (Here), i_2 at (Here), a_17 at (Here)

 writes:  alloc_table: 
          tag_table: 
          memories: (a_17_26 : mem-field "intM") at (Old)
          raw memories: (a_17_26 : mem-field "intM") at (Old)
          precise memories: 
          globals: 
          locals: 

 raises: 
Effects: doing one iteration...
Effects: doing one iteration...
Effects: doing one iteration...
Effects: doing one iteration...
Effects: fixpoint reached
Effects for function reverse_in_place:
 reads:  alloc_table: (a_12_29 : alloc-root "voidP") at (Here, Old)
         tag_table: 
         memories: (a_12_29 : mem-field "intM") at (Here, Pre, Old)
         raw memories: (a_12_29 : mem-field "intM") at (Here, Pre, Old)
         precise memories: 
         globals: 
         locals: i_12 at (Here), size_10 at (Here), a_12 at (Here)

 writes:  alloc_table: 
          tag_table: 
          memories: (a_12_29 : mem-field "intM") at (Old)
          raw memories: (a_12_29 : mem-field "intM") at (Old)
          precise memories: 
          globals: 
          locals: i_12 at (Here)

 raises: 
Effects: doing one iteration...
Effects: doing one iteration...
Effects: doing one iteration...
Effects: doing one iteration...
Effects: fixpoint reached
Effects for function set_even:
 reads:  alloc_table: (p_30 : alloc-root "voidP") at (Here, Old)
         tag_table: (p_30 : voidP) at (Here)
         memories: (p_30 : mem-field "intM") at (Here, Pre, Old)
         raw memories: (p_30 : mem-field "intM") at (Here, Pre, Old)
         precise memories: 
         globals: 
         locals: i_13 at (Here), val_1 at (Here), size_11 at (Here),
                 p at (Here)

 writes:  alloc_table: 
          tag_table: 
          memories: (p_30 : mem-field "intM") at (Here, Old)
          raw memories: (p_30 : mem-field "intM") at (Here, Old)
          precise memories: 
          globals: 
          locals: i_13 at (Here)

 raises: 
Effects: doing one iteration...
Effects: doing one iteration...
Effects: doing one iteration...
Effects: doing one iteration...
Effects: fixpoint reached
Effects for function set_odd:
 reads:  alloc_table: (p_0_31 : alloc-root "voidP") at (Here, Old)
         tag_table: (p_0_31 : voidP) at (Here)
         memories: (p_0_31 : mem-field "intM") at (Here, Pre, Old)
         raw memories: (p_0_31 : mem-field "intM") at (Here, Pre, Old)
         precise memories: 
         globals: 
         locals: i_14 at (Here), val_2 at (Here), size_12 at (Here),
                 p_0 at (Here)

 writes:  alloc_table: 
          tag_table: 
          memories: (p_0_31 : mem-field "intM") at (Here, Old)
          raw memories: (p_0_31 : mem-field "intM") at (Here, Old)
          precise memories: 
          globals: 
          locals: i_14 at (Here)

 raises: 
Effects: doing one iteration...
Effects: doing one iteration...
Effects: doing one iteration...
Effects: doing one iteration...
Effects: fixpoint reached
Effects for function set_odd_even_skip:
 reads:  alloc_table: (a_13_32 : alloc-root "voidP") at (Here, Old)
         tag_table: (a_13_32 : voidP) at (Here)
         memories: (a_13_32 : mem-field "intM") at (Here, Pre, Old)
         raw memories: (a_13_32 : mem-field "intM") at (Here, Pre, Old)
         precise memories: 
         globals: 
         locals: i_15 at (Here), n_11 at (Here), a_13 at (Here)

 writes:  alloc_table: 
          tag_table: 
          memories: (a_13_32 : mem-field "intM") at (Here, Old)
          raw memories: (a_13_32 : mem-field "intM") at (Here, Old)
          precise memories: 
          globals: 
          locals: i_15 at (Here)

 raises: 
Effects: doing one iteration...
Effects: doing one iteration...
Effects: doing one iteration...
Effects: doing one iteration...
Effects: fixpoint reached
Effects for function set_only_third:
 reads:  alloc_table: (p_1_33 : alloc-root "voidP") at (Here, Old)
         tag_table: (p_1_33 : voidP) at (Here)
         memories: (p_1_33 : mem-field "intM") at (Here, Pre, Old)
         raw memories: (p_1_33 : mem-field "intM") at (Here, Pre, Old)
         precise memories: 
         globals: 
         locals: i_16 at (Here), val_3 at (Here), size_13 at (Here),
                 p_1 at (Here)

 writes:  alloc_table: 
          tag_table: 
          memories: (p_1_33 : mem-field "intM") at (Here, Old)
          raw memories: (p_1_33 : mem-field "intM") at (Here, Old)
          precise memories: 
          globals: 
          locals: i_16 at (Here)

 raises: 
Effects: doing one iteration...
Effects: doing one iteration...
Effects: doing one iteration...
Effects: doing one iteration...
Effects: fixpoint reached
Effects for function set_skip_third:
 reads:  alloc_table: (p_2_34 : alloc-root "voidP") at (Here, Old)
         tag_table: (p_2_34 : voidP) at (Here)
         memories: (p_2_34 : mem-field "intM") at (Here, Pre, Old)
         raw memories: (p_2_34 : mem-field "intM") at (Here, Pre, Old)
         precise memories: 
         globals: 
         locals: i_17 at (Here), val_4 at (Here), size_14 at (Here),
                 p_2 at (Here)

 writes:  alloc_table: 
          tag_table: 
          memories: (p_2_34 : mem-field "intM") at (Here, Old)
          raw memories: (p_2_34 : mem-field "intM") at (Here, Old)
          precise memories: 
          globals: 
          locals: i_17 at (Here)

 raises: 
Effects: doing one iteration...
Effects: doing one iteration...
Effects: doing one iteration...
Effects: fixpoint reached
Effects for function spec_sign:
 reads:  alloc_table: 
         tag_table: 
         memories: 
         raw memories: 
         precise memories: 
         globals: 
         locals: __retres_3 at (Here), \result at (Here), x at (Here)

 writes:  alloc_table: 
          tag_table: 
          memories: 
          raw memories: 
          precise memories: 
          globals: 
          locals: __retres_3 at (Here)

 raises: 
Effects: doing one iteration...
Effects: doing one iteration...
Effects: doing one iteration...
Effects: fixpoint reached
Effects for function sum:
 reads:  alloc_table: 
         tag_table: 
         memories: 
         raw memories: 
         precise memories: 
         globals: 
         locals: sum_0_1 at (Here), i_18 at (Here), \result at (Here),
                 b_4 at (Here), a_16 at (Here)

 writes:  alloc_table: 
          tag_table: 
          memories: 
          raw memories: 
          precise memories: 
          globals: 
          locals: sum_0_1 at (Here), i_18 at (Here)

 raises: 
Translate logic types
Translate structures
all_allocs(tag charP):
  Found 1 allocs.
all_memories(tag charP):
  Found 0 memories.
all_memories(tag charP):
  Found 0 memories.
all_allocs(tag charP):
  Found 1 allocs.
all_allocs(tag charP):
  Found 1 allocs.
all_memories(tag charP):
  Found 0 memories.
all_allocs(tag charP):
  Found 1 allocs.
all_tags(tag charP):
  Found 1 tags.
all_memories(tag charP):
  Found 0 memories.
all_memories(tag charP):
  Found 0 memories.
all_tags(tag charP):
  Found 1 tags.
all_memories(tag charP):
  Found 0 memories.
all_tags(tag charP):
  Found 1 tags.
all_memories(tag charP):
  Found 0 memories.
all_tags(tag charP):
  Found 1 tags.
all_memories(tag charP):
  Found 0 memories.
all_allocs(tag charP):
  Found 1 allocs.
all_tags(tag charP):
  Found 1 tags.
all_memories(tag charP):
  Found 0 memories.
all_allocs(tag charP):
  Found 1 allocs.
all_memories(tag charP):
  Found 0 memories.
all_memories(tag charP):
  Found 0 memories.
all_allocs(tag charP):
  Found 1 allocs.
all_allocs(tag charP):
  Found 1 allocs.
all_memories(tag charP):
  Found 0 memories.
all_memories(tag charP):
  Found 0 memories.
all_allocs(tag charP):
  Found 1 allocs.
all_allocs(tag charP):
  Found 1 allocs.
all_memories(tag charP):
  Found 0 memories.
all_allocs(tag charP):
  Found 1 allocs.
all_tags(tag charP):
  Found 1 tags.
all_memories(tag charP):
  Found 0 memories.
all_memories(tag charP):
  Found 0 memories.
all_tags(tag charP):
  Found 1 tags.
all_memories(tag charP):
  Found 0 memories.
all_tags(tag charP):
  Found 1 tags.
all_memories(tag charP):
  Found 0 memories.
all_tags(tag charP):
  Found 1 tags.
all_memories(tag charP):
  Found 0 memories.
all_allocs(tag charP):
  Found 1 allocs.
all_tags(tag charP):
  Found 1 tags.
all_memories(tag charP):
  Found 0 memories.
all_allocs(tag charP):
  Found 1 allocs.
all_memories(tag charP):
  Found 0 memories.
all_memories(tag charP):
  Found 0 memories.
all_allocs(tag charP):
  Found 1 allocs.
all_allocs(tag charP):
  Found 1 allocs.
all_tags(tag charP):
  Found 1 tags.
all_memories(tag charP):
  Found 0 memories.
all_memories(tag charP):
  Found 0 memories.
all_tags(tag charP):
  Found 1 tags.
all_memories(tag charP):
  Found 0 memories.
all_tags(tag charP):
  Found 1 tags.
all_memories(tag charP):
  Found 0 memories.
all_tags(tag charP):
  Found 1 tags.
all_memories(tag charP):
  Found 0 memories.
all_allocs(tag charP):
  Found 1 allocs.
all_tags(tag charP):
  Found 1 tags.
all_memories(tag charP):
  Found 0 memories.
all_allocs(tag charP):
  Found 1 allocs.
all_memories(tag charP):
  Found 0 memories.
all_memories(tag charP):
  Found 0 memories.
all_allocs(tag charP):
  Found 1 allocs.
all_tags(tag charP):
  Found 1 tags.
all_memories(tag charP):
  Found 0 memories.
all_allocs(tag charP):
  Found 1 allocs.
all_memories(tag charP):
  Found 0 memories.
all_allocs(tag charP):
  Found 1 allocs.
all_memories(tag charP):
  Found 0 memories.
all_memories(tag charP):
  Found 0 memories.
all_tags(tag charP):
  Found 1 tags.
all_memories(tag voidP):
  Found 0 memories.
all_tags(tag voidP):
  Found 1 tags.
all_memories(tag charP):
  Found 0 memories.
all_allocs(tag charP):
  Found 1 allocs.
all_memories(tag voidP):
  Found 0 memories.
all_allocs(tag voidP):
  Found 1 allocs.
all_memories(tag charP):
  Found 0 memories.
all_tags(tag charP):
  Found 1 tags.
all_memories(tag charP):
  Found 0 memories.
all_tags(tag charP):
  Found 1 tags.
all_memories(tag charP):
  Found 0 memories.
all_tags(tag charP):
  Found 1 tags.
all_memories(tag charP):
  Found 0 memories.
all_tags(tag charP):
  Found 1 tags.
all_memories(tag charP):
  Found 0 memories.
all_tags(tag charP):
  Found 1 tags.
all_memories(tag charP):
  Found 0 memories.
all_tags(tag charP):
  Found 1 tags.
all_memories(tag charP):
  Found 0 memories.
all_allocs(tag charP):
  Found 1 allocs.
all_memories(tag voidP):
  Found 0 memories.
all_allocs(tag voidP):
  Found 1 allocs.
all_memories(tag charP):
  Found 0 memories.
all_allocs(tag charP):
  Found 1 allocs.
all_memories(tag voidP):
  Found 0 memories.
all_allocs(tag voidP):
  Found 1 allocs.
all_memories(tag charP):
  Found 0 memories.
all_allocs(tag charP):
  Found 1 allocs.
all_memories(tag voidP):
  Found 0 memories.
all_allocs(tag voidP):
  Found 1 allocs.
all_memories(tag charP):
  Found 0 memories.
all_allocs(tag charP):
  Found 1 allocs.
all_memories(tag voidP):
  Found 0 memories.
all_allocs(tag voidP):
  Found 1 allocs.
all_allocs(tag intP):
  Found 1 allocs.
all_memories(tag intP):
  Found 0 memories.
all_memories(tag intP):
  Found 0 memories.
all_allocs(tag intP):
  Found 1 allocs.
all_allocs(tag intP):
  Found 1 allocs.
all_memories(tag intP):
  Found 0 memories.
all_allocs(tag intP):
  Found 1 allocs.
all_tags(tag intP):
  Found 1 tags.
all_memories(tag intP):
  Found 0 memories.
all_memories(tag intP):
  Found 0 memories.
all_tags(tag intP):
  Found 1 tags.
all_memories(tag intP):
  Found 0 memories.
all_tags(tag intP):
  Found 1 tags.
all_memories(tag intP):
  Found 0 memories.
all_tags(tag intP):
  Found 1 tags.
all_memories(tag intP):
  Found 0 memories.
all_allocs(tag intP):
  Found 1 allocs.
all_tags(tag intP):
  Found 1 tags.
all_memories(tag intP):
  Found 0 memories.
all_allocs(tag intP):
  Found 1 allocs.
all_memories(tag intP):
  Found 0 memories.
all_memories(tag intP):
  Found 0 memories.
all_allocs(tag intP):
  Found 1 allocs.
all_allocs(tag intP):
  Found 1 allocs.
all_memories(tag intP):
  Found 0 memories.
all_memories(tag intP):
  Found 0 memories.
all_allocs(tag intP):
  Found 1 allocs.
all_allocs(tag intP):
  Found 1 allocs.
all_memories(tag intP):
  Found 0 memories.
all_allocs(tag intP):
  Found 1 allocs.
all_tags(tag intP):
  Found 1 tags.
all_memories(tag intP):
  Found 0 memories.
all_memories(tag intP):
  Found 0 memories.
all_tags(tag intP):
  Found 1 tags.
all_memories(tag intP):
  Found 0 memories.
all_tags(tag intP):
  Found 1 tags.
all_memories(tag intP):
  Found 0 memories.
all_tags(tag intP):
  Found 1 tags.
all_memories(tag intP):
  Found 0 memories.
all_allocs(tag intP):
  Found 1 allocs.
all_tags(tag intP):
  Found 1 tags.
all_memories(tag intP):
  Found 0 memories.
all_allocs(tag intP):
  Found 1 allocs.
all_memories(tag intP):
  Found 0 memories.
all_memories(tag intP):
  Found 0 memories.
all_allocs(tag intP):
  Found 1 allocs.
all_allocs(tag intP):
  Found 1 allocs.
all_tags(tag intP):
  Found 1 tags.
all_memories(tag intP):
  Found 0 memories.
all_memories(tag intP):
  Found 0 memories.
all_tags(tag intP):
  Found 1 tags.
all_memories(tag intP):
  Found 0 memories.
all_tags(tag intP):
  Found 1 tags.
all_memories(tag intP):
  Found 0 memories.
all_tags(tag intP):
  Found 1 tags.
all_memories(tag intP):
  Found 0 memories.
all_allocs(tag intP):
  Found 1 allocs.
all_tags(tag intP):
  Found 1 tags.
all_memories(tag intP):
  Found 0 memories.
all_allocs(tag intP):
  Found 1 allocs.
all_memories(tag intP):
  Found 0 memories.
all_memories(tag intP):
  Found 0 memories.
all_allocs(tag intP):
  Found 1 allocs.
all_tags(tag intP):
  Found 1 tags.
all_memories(tag intP):
  Found 0 memories.
all_allocs(tag intP):
  Found 1 allocs.
all_memories(tag intP):
  Found 0 memories.
all_allocs(tag intP):
  Found 1 allocs.
all_memories(tag intP):
  Found 0 memories.
all_memories(tag intP):
  Found 0 memories.
all_tags(tag intP):
  Found 1 tags.
all_memories(tag voidP):
  Found 0 memories.
all_tags(tag voidP):
  Found 1 tags.
all_memories(tag intP):
  Found 0 memories.
all_allocs(tag intP):
  Found 1 allocs.
all_memories(tag voidP):
  Found 0 memories.
all_allocs(tag voidP):
  Found 1 allocs.
all_memories(tag intP):
  Found 0 memories.
all_tags(tag intP):
  Found 1 tags.
all_memories(tag intP):
  Found 0 memories.
all_tags(tag intP):
  Found 1 tags.
all_memories(tag intP):
  Found 0 memories.
all_tags(tag intP):
  Found 1 tags.
all_memories(tag intP):
  Found 0 memories.
all_tags(tag intP):
  Found 1 tags.
all_memories(tag intP):
  Found 0 memories.
all_tags(tag intP):
  Found 1 tags.
all_memories(tag intP):
  Found 0 memories.
all_tags(tag intP):
  Found 1 tags.
all_memories(tag intP):
  Found 0 memories.
all_allocs(tag intP):
  Found 1 allocs.
all_memories(tag voidP):
  Found 0 memories.
all_allocs(tag voidP):
  Found 1 allocs.
all_memories(tag intP):
  Found 0 memories.
all_allocs(tag intP):
  Found 1 allocs.
all_memories(tag voidP):
  Found 0 memories.
all_allocs(tag voidP):
  Found 1 allocs.
all_memories(tag intP):
  Found 0 memories.
all_allocs(tag intP):
  Found 1 allocs.
all_memories(tag voidP):
  Found 0 memories.
all_allocs(tag voidP):
  Found 1 allocs.
all_memories(tag intP):
  Found 0 memories.
all_allocs(tag intP):
  Found 1 allocs.
all_memories(tag voidP):
  Found 0 memories.
all_allocs(tag voidP):
  Found 1 allocs.
all_allocs(tag int_xP):
  Found 1 allocs.
all_memories(tag int_xP):
  Found 0 memories.
all_memories(tag int_xP):
  Found 0 memories.
all_allocs(tag int_xP):
  Found 1 allocs.
all_allocs(tag int_xP):
  Found 1 allocs.
all_memories(tag int_xP):
  Found 0 memories.
all_allocs(tag int_xP):
  Found 1 allocs.
all_tags(tag int_xP):
  Found 1 tags.
all_memories(tag int_xP):
  Found 0 memories.
all_memories(tag int_xP):
  Found 0 memories.
all_tags(tag int_xP):
  Found 1 tags.
all_memories(tag int_xP):
  Found 0 memories.
all_tags(tag int_xP):
  Found 1 tags.
all_memories(tag int_xP):
  Found 0 memories.
all_tags(tag int_xP):
  Found 1 tags.
all_memories(tag int_xP):
  Found 0 memories.
all_allocs(tag int_xP):
  Found 1 allocs.
all_tags(tag int_xP):
  Found 1 tags.
all_memories(tag int_xP):
  Found 0 memories.
all_allocs(tag int_xP):
  Found 1 allocs.
all_memories(tag int_xP):
  Found 0 memories.
all_memories(tag int_xP):
  Found 0 memories.
all_allocs(tag int_xP):
  Found 1 allocs.
all_allocs(tag int_xP):
  Found 1 allocs.
all_memories(tag int_xP):
  Found 0 memories.
all_memories(tag int_xP):
  Found 0 memories.
all_allocs(tag int_xP):
  Found 1 allocs.
all_allocs(tag int_xP):
  Found 1 allocs.
all_memories(tag int_xP):
  Found 0 memories.
all_allocs(tag int_xP):
  Found 1 allocs.
all_tags(tag int_xP):
  Found 1 tags.
all_memories(tag int_xP):
  Found 0 memories.
all_memories(tag int_xP):
  Found 0 memories.
all_tags(tag int_xP):
  Found 1 tags.
all_memories(tag int_xP):
  Found 0 memories.
all_tags(tag int_xP):
  Found 1 tags.
all_memories(tag int_xP):
  Found 0 memories.
all_tags(tag int_xP):
  Found 1 tags.
all_memories(tag int_xP):
  Found 0 memories.
all_allocs(tag int_xP):
  Found 1 allocs.
all_tags(tag int_xP):
  Found 1 tags.
all_memories(tag int_xP):
  Found 0 memories.
all_allocs(tag int_xP):
  Found 1 allocs.
all_memories(tag int_xP):
  Found 0 memories.
all_memories(tag int_xP):
  Found 0 memories.
all_allocs(tag int_xP):
  Found 1 allocs.
all_allocs(tag int_xP):
  Found 1 allocs.
all_tags(tag int_xP):
  Found 1 tags.
all_memories(tag int_xP):
  Found 0 memories.
all_memories(tag int_xP):
  Found 0 memories.
all_tags(tag int_xP):
  Found 1 tags.
all_memories(tag int_xP):
  Found 0 memories.
all_tags(tag int_xP):
  Found 1 tags.
all_memories(tag int_xP):
  Found 0 memories.
all_tags(tag int_xP):
  Found 1 tags.
all_memories(tag int_xP):
  Found 0 memories.
all_allocs(tag int_xP):
  Found 1 allocs.
all_tags(tag int_xP):
  Found 1 tags.
all_memories(tag int_xP):
  Found 0 memories.
all_allocs(tag int_xP):
  Found 1 allocs.
all_memories(tag int_xP):
  Found 0 memories.
all_memories(tag int_xP):
  Found 0 memories.
all_allocs(tag int_xP):
  Found 1 allocs.
all_tags(tag int_xP):
  Found 1 tags.
all_memories(tag int_xP):
  Found 0 memories.
all_allocs(tag int_xP):
  Found 1 allocs.
all_memories(tag int_xP):
  Found 0 memories.
all_allocs(tag int_xP):
  Found 1 allocs.
all_memories(tag int_xP):
  Found 0 memories.
all_memories(tag int_xP):
  Found 0 memories.
all_tags(tag int_xP):
  Found 1 tags.
all_memories(tag int_xP):
  Found 0 memories.
all_allocs(tag int_xP):
  Found 1 allocs.
all_memories(tag int_xP):
  Found 0 memories.
all_tags(tag int_xP):
  Found 1 tags.
all_memories(tag int_xP):
  Found 0 memories.
all_tags(tag int_xP):
  Found 1 tags.
all_memories(tag int_xP):
  Found 0 memories.
all_tags(tag int_xP):
  Found 1 tags.
all_memories(tag int_xP):
  Found 0 memories.
all_tags(tag int_xP):
  Found 1 tags.
all_memories(tag int_xP):
  Found 0 memories.
all_tags(tag int_xP):
  Found 1 tags.
all_memories(tag int_xP):
  Found 0 memories.
all_tags(tag int_xP):
  Found 1 tags.
all_memories(tag int_xP):
  Found 0 memories.
all_allocs(tag int_xP):
  Found 1 allocs.
all_memories(tag int_xP):
  Found 0 memories.
all_allocs(tag int_xP):
  Found 1 allocs.
all_memories(tag int_xP):
  Found 0 memories.
all_allocs(tag int_xP):
  Found 1 allocs.
all_memories(tag int_xP):
  Found 0 memories.
all_allocs(tag int_xP):
  Found 1 allocs.
all_allocs(tag unsigned_charP):
  Found 1 allocs.
all_memories(tag unsigned_charP):
  Found 0 memories.
all_memories(tag unsigned_charP):
  Found 0 memories.
all_allocs(tag unsigned_charP):
  Found 1 allocs.
all_allocs(tag unsigned_charP):
  Found 1 allocs.
all_memories(tag unsigned_charP):
  Found 0 memories.
all_allocs(tag unsigned_charP):
  Found 1 allocs.
all_tags(tag unsigned_charP):
  Found 1 tags.
all_memories(tag unsigned_charP):
  Found 0 memories.
all_memories(tag unsigned_charP):
  Found 0 memories.
all_tags(tag unsigned_charP):
  Found 1 tags.
all_memories(tag unsigned_charP):
  Found 0 memories.
all_tags(tag unsigned_charP):
  Found 1 tags.
all_memories(tag unsigned_charP):
  Found 0 memories.
all_tags(tag unsigned_charP):
  Found 1 tags.
all_memories(tag unsigned_charP):
  Found 0 memories.
all_allocs(tag unsigned_charP):
  Found 1 allocs.
all_tags(tag unsigned_charP):
  Found 1 tags.
all_memories(tag unsigned_charP):
  Found 0 memories.
all_allocs(tag unsigned_charP):
  Found 1 allocs.
all_memories(tag unsigned_charP):
  Found 0 memories.
all_memories(tag unsigned_charP):
  Found 0 memories.
all_allocs(tag unsigned_charP):
  Found 1 allocs.
all_allocs(tag unsigned_charP):
  Found 1 allocs.
all_memories(tag unsigned_charP):
  Found 0 memories.
all_memories(tag unsigned_charP):
  Found 0 memories.
all_allocs(tag unsigned_charP):
  Found 1 allocs.
all_allocs(tag unsigned_charP):
  Found 1 allocs.
all_memories(tag unsigned_charP):
  Found 0 memories.
all_allocs(tag unsigned_charP):
  Found 1 allocs.
all_tags(tag unsigned_charP):
  Found 1 tags.
all_memories(tag unsigned_charP):
  Found 0 memories.
all_memories(tag unsigned_charP):
  Found 0 memories.
all_tags(tag unsigned_charP):
  Found 1 tags.
all_memories(tag unsigned_charP):
  Found 0 memories.
all_tags(tag unsigned_charP):
  Found 1 tags.
all_memories(tag unsigned_charP):
  Found 0 memories.
all_tags(tag unsigned_charP):
  Found 1 tags.
all_memories(tag unsigned_charP):
  Found 0 memories.
all_allocs(tag unsigned_charP):
  Found 1 allocs.
all_tags(tag unsigned_charP):
  Found 1 tags.
all_memories(tag unsigned_charP):
  Found 0 memories.
all_allocs(tag unsigned_charP):
  Found 1 allocs.
all_memories(tag unsigned_charP):
  Found 0 memories.
all_memories(tag unsigned_charP):
  Found 0 memories.
all_allocs(tag unsigned_charP):
  Found 1 allocs.
all_allocs(tag unsigned_charP):
  Found 1 allocs.
all_tags(tag unsigned_charP):
  Found 1 tags.
all_memories(tag unsigned_charP):
  Found 0 memories.
all_memories(tag unsigned_charP):
  Found 0 memories.
all_tags(tag unsigned_charP):
  Found 1 tags.
all_memories(tag unsigned_charP):
  Found 0 memories.
all_tags(tag unsigned_charP):
  Found 1 tags.
all_memories(tag unsigned_charP):
  Found 0 memories.
all_tags(tag unsigned_charP):
  Found 1 tags.
all_memories(tag unsigned_charP):
  Found 0 memories.
all_allocs(tag unsigned_charP):
  Found 1 allocs.
all_tags(tag unsigned_charP):
  Found 1 tags.
all_memories(tag unsigned_charP):
  Found 0 memories.
all_allocs(tag unsigned_charP):
  Found 1 allocs.
all_memories(tag unsigned_charP):
  Found 0 memories.
all_memories(tag unsigned_charP):
  Found 0 memories.
all_allocs(tag unsigned_charP):
  Found 1 allocs.
all_tags(tag unsigned_charP):
  Found 1 tags.
all_memories(tag unsigned_charP):
  Found 0 memories.
all_allocs(tag unsigned_charP):
  Found 1 allocs.
all_memories(tag unsigned_charP):
  Found 0 memories.
all_allocs(tag unsigned_charP):
  Found 1 allocs.
all_memories(tag unsigned_charP):
  Found 0 memories.
all_memories(tag unsigned_charP):
  Found 0 memories.
all_tags(tag unsigned_charP):
  Found 1 tags.
all_memories(tag unsigned_charP):
  Found 0 memories.
all_allocs(tag unsigned_charP):
  Found 1 allocs.
all_memories(tag unsigned_charP):
  Found 0 memories.
all_tags(tag unsigned_charP):
  Found 1 tags.
all_memories(tag unsigned_charP):
  Found 0 memories.
all_tags(tag unsigned_charP):
  Found 1 tags.
all_memories(tag unsigned_charP):
  Found 0 memories.
all_tags(tag unsigned_charP):
  Found 1 tags.
all_memories(tag unsigned_charP):
  Found 0 memories.
all_tags(tag unsigned_charP):
  Found 1 tags.
all_memories(tag unsigned_charP):
  Found 0 memories.
all_tags(tag unsigned_charP):
  Found 1 tags.
all_memories(tag unsigned_charP):
  Found 0 memories.
all_tags(tag unsigned_charP):
  Found 1 tags.
all_memories(tag unsigned_charP):
  Found 0 memories.
all_allocs(tag unsigned_charP):
  Found 1 allocs.
all_memories(tag unsigned_charP):
  Found 0 memories.
all_allocs(tag unsigned_charP):
  Found 1 allocs.
all_memories(tag unsigned_charP):
  Found 0 memories.
all_allocs(tag unsigned_charP):
  Found 1 allocs.
all_memories(tag unsigned_charP):
  Found 0 memories.
all_allocs(tag unsigned_charP):
  Found 1 allocs.
all_allocs(tag unsigned_intP):
  Found 1 allocs.
all_memories(tag unsigned_intP):
  Found 0 memories.
all_memories(tag unsigned_intP):
  Found 0 memories.
all_allocs(tag unsigned_intP):
  Found 1 allocs.
all_allocs(tag unsigned_intP):
  Found 1 allocs.
all_memories(tag unsigned_intP):
  Found 0 memories.
all_allocs(tag unsigned_intP):
  Found 1 allocs.
all_tags(tag unsigned_intP):
  Found 1 tags.
all_memories(tag unsigned_intP):
  Found 0 memories.
all_memories(tag unsigned_intP):
  Found 0 memories.
all_tags(tag unsigned_intP):
  Found 1 tags.
all_memories(tag unsigned_intP):
  Found 0 memories.
all_tags(tag unsigned_intP):
  Found 1 tags.
all_memories(tag unsigned_intP):
  Found 0 memories.
all_tags(tag unsigned_intP):
  Found 1 tags.
all_memories(tag unsigned_intP):
  Found 0 memories.
all_allocs(tag unsigned_intP):
  Found 1 allocs.
all_tags(tag unsigned_intP):
  Found 1 tags.
all_memories(tag unsigned_intP):
  Found 0 memories.
all_allocs(tag unsigned_intP):
  Found 1 allocs.
all_memories(tag unsigned_intP):
  Found 0 memories.
all_memories(tag unsigned_intP):
  Found 0 memories.
all_allocs(tag unsigned_intP):
  Found 1 allocs.
all_allocs(tag unsigned_intP):
  Found 1 allocs.
all_memories(tag unsigned_intP):
  Found 0 memories.
all_memories(tag unsigned_intP):
  Found 0 memories.
all_allocs(tag unsigned_intP):
  Found 1 allocs.
all_allocs(tag unsigned_intP):
  Found 1 allocs.
all_memories(tag unsigned_intP):
  Found 0 memories.
all_allocs(tag unsigned_intP):
  Found 1 allocs.
all_tags(tag unsigned_intP):
  Found 1 tags.
all_memories(tag unsigned_intP):
  Found 0 memories.
all_memories(tag unsigned_intP):
  Found 0 memories.
all_tags(tag unsigned_intP):
  Found 1 tags.
all_memories(tag unsigned_intP):
  Found 0 memories.
all_tags(tag unsigned_intP):
  Found 1 tags.
all_memories(tag unsigned_intP):
  Found 0 memories.
all_tags(tag unsigned_intP):
  Found 1 tags.
all_memories(tag unsigned_intP):
  Found 0 memories.
all_allocs(tag unsigned_intP):
  Found 1 allocs.
all_tags(tag unsigned_intP):
  Found 1 tags.
all_memories(tag unsigned_intP):
  Found 0 memories.
all_allocs(tag unsigned_intP):
  Found 1 allocs.
all_memories(tag unsigned_intP):
  Found 0 memories.
all_memories(tag unsigned_intP):
  Found 0 memories.
all_allocs(tag unsigned_intP):
  Found 1 allocs.
all_allocs(tag unsigned_intP):
  Found 1 allocs.
all_tags(tag unsigned_intP):
  Found 1 tags.
all_memories(tag unsigned_intP):
  Found 0 memories.
all_memories(tag unsigned_intP):
  Found 0 memories.
all_tags(tag unsigned_intP):
  Found 1 tags.
all_memories(tag unsigned_intP):
  Found 0 memories.
all_tags(tag unsigned_intP):
  Found 1 tags.
all_memories(tag unsigned_intP):
  Found 0 memories.
all_tags(tag unsigned_intP):
  Found 1 tags.
all_memories(tag unsigned_intP):
  Found 0 memories.
all_allocs(tag unsigned_intP):
  Found 1 allocs.
all_tags(tag unsigned_intP):
  Found 1 tags.
all_memories(tag unsigned_intP):
  Found 0 memories.
all_allocs(tag unsigned_intP):
  Found 1 allocs.
all_memories(tag unsigned_intP):
  Found 0 memories.
all_memories(tag unsigned_intP):
  Found 0 memories.
all_allocs(tag unsigned_intP):
  Found 1 allocs.
all_tags(tag unsigned_intP):
  Found 1 tags.
all_memories(tag unsigned_intP):
  Found 0 memories.
all_allocs(tag unsigned_intP):
  Found 1 allocs.
all_memories(tag unsigned_intP):
  Found 0 memories.
all_allocs(tag unsigned_intP):
  Found 1 allocs.
all_memories(tag unsigned_intP):
  Found 0 memories.
all_memories(tag unsigned_intP):
  Found 0 memories.
all_tags(tag unsigned_intP):
  Found 1 tags.
all_memories(tag unsigned_intP):
  Found 0 memories.
all_allocs(tag unsigned_intP):
  Found 1 allocs.
all_memories(tag unsigned_intP):
  Found 0 memories.
all_tags(tag unsigned_intP):
  Found 1 tags.
all_memories(tag unsigned_intP):
  Found 0 memories.
all_tags(tag unsigned_intP):
  Found 1 tags.
all_memories(tag unsigned_intP):
  Found 0 memories.
all_tags(tag unsigned_intP):
  Found 1 tags.
all_memories(tag unsigned_intP):
  Found 0 memories.
all_tags(tag unsigned_intP):
  Found 1 tags.
all_memories(tag unsigned_intP):
  Found 0 memories.
all_tags(tag unsigned_intP):
  Found 1 tags.
all_memories(tag unsigned_intP):
  Found 0 memories.
all_tags(tag unsigned_intP):
  Found 1 tags.
all_memories(tag unsigned_intP):
  Found 0 memories.
all_allocs(tag unsigned_intP):
  Found 1 allocs.
all_memories(tag unsigned_intP):
  Found 0 memories.
all_allocs(tag unsigned_intP):
  Found 1 allocs.
all_memories(tag unsigned_intP):
  Found 0 memories.
all_allocs(tag unsigned_intP):
  Found 1 allocs.
all_memories(tag unsigned_intP):
  Found 0 memories.
all_allocs(tag unsigned_intP):
  Found 1 allocs.
all_allocs(tag voidP):
  Found 1 allocs.
all_memories(tag voidP):
  Found 0 memories.
all_memories(tag voidP):
  Found 0 memories.
all_allocs(tag voidP):
  Found 1 allocs.
all_allocs(tag voidP):
  Found 1 allocs.
all_memories(tag voidP):
  Found 0 memories.
all_allocs(tag voidP):
  Found 1 allocs.
all_tags(tag voidP):
  Found 1 tags.
all_memories(tag voidP):
  Found 0 memories.
all_memories(tag voidP):
  Found 0 memories.
all_tags(tag voidP):
  Found 1 tags.
all_memories(tag voidP):
  Found 0 memories.
all_tags(tag voidP):
  Found 1 tags.
all_memories(tag voidP):
  Found 0 memories.
all_tags(tag voidP):
  Found 1 tags.
all_memories(tag voidP):
  Found 0 memories.
all_allocs(tag voidP):
  Found 1 allocs.
all_tags(tag voidP):
  Found 1 tags.
all_memories(tag voidP):
  Found 0 memories.
all_allocs(tag voidP):
  Found 1 allocs.
all_memories(tag voidP):
  Found 0 memories.
all_memories(tag voidP):
  Found 0 memories.
all_allocs(tag voidP):
  Found 1 allocs.
all_allocs(tag voidP):
  Found 1 allocs.
all_memories(tag voidP):
  Found 0 memories.
all_memories(tag voidP):
  Found 0 memories.
all_allocs(tag voidP):
  Found 1 allocs.
all_allocs(tag voidP):
  Found 1 allocs.
all_memories(tag voidP):
  Found 0 memories.
all_allocs(tag voidP):
  Found 1 allocs.
all_tags(tag voidP):
  Found 1 tags.
all_memories(tag voidP):
  Found 0 memories.
all_memories(tag voidP):
  Found 0 memories.
all_tags(tag voidP):
  Found 1 tags.
all_memories(tag voidP):
  Found 0 memories.
all_tags(tag voidP):
  Found 1 tags.
all_memories(tag voidP):
  Found 0 memories.
all_tags(tag voidP):
  Found 1 tags.
all_memories(tag voidP):
  Found 0 memories.
all_allocs(tag voidP):
  Found 1 allocs.
all_tags(tag voidP):
  Found 1 tags.
all_memories(tag voidP):
  Found 0 memories.
all_allocs(tag voidP):
  Found 1 allocs.
all_memories(tag voidP):
  Found 0 memories.
all_memories(tag voidP):
  Found 0 memories.
all_allocs(tag voidP):
  Found 1 allocs.
all_allocs(tag voidP):
  Found 1 allocs.
all_tags(tag voidP):
  Found 1 tags.
all_memories(tag voidP):
  Found 0 memories.
all_memories(tag voidP):
  Found 0 memories.
all_tags(tag voidP):
  Found 1 tags.
all_memories(tag voidP):
  Found 0 memories.
all_tags(tag voidP):
  Found 1 tags.
all_memories(tag voidP):
  Found 0 memories.
all_tags(tag voidP):
  Found 1 tags.
all_memories(tag voidP):
  Found 0 memories.
all_allocs(tag voidP):
  Found 1 allocs.
all_tags(tag voidP):
  Found 1 tags.
all_memories(tag voidP):
  Found 0 memories.
all_allocs(tag voidP):
  Found 1 allocs.
all_memories(tag voidP):
  Found 0 memories.
all_memories(tag voidP):
  Found 0 memories.
all_allocs(tag voidP):
  Found 1 allocs.
all_tags(tag voidP):
  Found 1 tags.
all_memories(tag voidP):
  Found 0 memories.
all_allocs(tag voidP):
  Found 1 allocs.
all_memories(tag voidP):
  Found 0 memories.
all_allocs(tag voidP):
  Found 1 allocs.
all_memories(tag voidP):
  Found 0 memories.
all_memories(tag voidP):
  Found 0 memories.
all_tags(tag voidP):
  Found 1 tags.
all_memories(tag voidP):
  Found 0 memories.
all_allocs(tag voidP):
  Found 1 allocs.
all_memories(tag voidP):
  Found 0 memories.
all_tags(tag voidP):
  Found 1 tags.
all_memories(tag voidP):
  Found 0 memories.
all_tags(tag voidP):
  Found 1 tags.
all_memories(tag voidP):
  Found 0 memories.
all_tags(tag voidP):
  Found 1 tags.
all_memories(tag voidP):
  Found 0 memories.
all_tags(tag voidP):
  Found 1 tags.
all_memories(tag voidP):
  Found 0 memories.
all_tags(tag voidP):
  Found 1 tags.
all_memories(tag voidP):
  Found 0 memories.
all_tags(tag voidP):
  Found 1 tags.
all_memories(tag voidP):
  Found 0 memories.
all_allocs(tag voidP):
  Found 1 allocs.
all_memories(tag voidP):
  Found 0 memories.
all_allocs(tag voidP):
  Found 1 allocs.
all_memories(tag voidP):
  Found 0 memories.
all_allocs(tag voidP):
  Found 1 allocs.
all_memories(tag voidP):
  Found 0 memories.
all_allocs(tag voidP):
  Found 1 allocs.
Translate variants
Translate global regions
Translate exceptions
Translate enumerated types
Translate dummies
Translate standalone logic functions
Logic function uint8_as_uint32
Logic function complement_to_uint32
Logic function uint8_as_int32
Logic function uint32_as_uint8
Logic function int32_as_uint8
Logic function complement_to_uint8
Logic function int8_as_int32
Logic function int32_as_int8
Logic function asum
Logic function array_sum
Logic function factorial
Logic function factorial_ind
Logic function power_int_pos
Logic function fib
Logic function reverse_struct_intP___attribute______wrapper_____x_integer_integer_integer
Logic function reverse_0
Logic function sum
Translate axiomatic declarations
Axiomatic ASum
Axiomatic Array_Sum
Axiomatic Factorial
Axiomatic Fib
Axiomatic Jessie_memory_reinterpretation_predicates
Axiomatic Padding
Axiomatic Power
Axiomatic Sum
Translate lemmas
Translate functions
Pre-treatement Function spec_abs2
Pre-treatement Function spec_abs1
Pre-treatement Function array_average
Pre-treatement Function array_sum
Pre-treatement Function arrays_average
Pre-treatement Function arrays_sum
Pre-treatement Function average
Pre-treatement Function bsearch
Pre-treatement Function distance
Pre-treatement Function distance_abs
Pre-treatement Function factorial
Pre-treatement Function factorial_rec
Pre-treatement Function fib_rec
Pre-treatement Function max_max
Pre-treatement Function max_min
Pre-treatement Function min_min
Pre-treatement Function palindrome
Pre-treatement Function reverse
Pre-treatement Function swap
Pre-treatement Function reverse_in_place
Pre-treatement Function set_even
Pre-treatement Function set_odd
Pre-treatement Function set_odd_even_skip
Pre-treatement Function set_only_third
Pre-treatement Function set_skip_third
Pre-treatement Function spec_sign
Pre-treatement Function sum
Function spec_abs2
Function spec_abs1
Function array_average
Function array_sum
Function arrays_average
Function arrays_sum
Function average
Function bsearch
Function distance
Function distance_abs
Function factorial
Function factorial_rec
Function fib_rec
Function max_max
Function max_min
Function min_min
Function palindrome
Function reverse
Function swap
Function reverse_in_place
Function set_even
Function set_odd
Function set_odd_even_skip
Function set_only_third
Function set_skip_third
Function spec_sign
Function sum
Produce makefile
